<<<<<<< HEAD
﻿  ModuleWindow.cpp
  ModuleTextures.cpp
  ModuleRender.cpp
  ModulePlayer.cpp
  ModuleInput.cpp
  ModuleBackground.cpp
c:\users\lucasgm\documents\github\scrolling-with-sound\scrolling-with-sound-master\sdl4_handout\modulebackground.cpp(64): warning C4244: 'argument': conversion from 'float' to 'int', possible loss of data
c:\users\lucasgm\documents\github\scrolling-with-sound\scrolling-with-sound-master\sdl4_handout\modulebackground.cpp(68): warning C4244: 'argument': conversion from 'float' to 'int', possible loss of data
  Main.cpp
  Globals.cpp
  Application.cpp
  Generating Code...
  LINK : C:\Users\lucasgm\Documents\GitHub\Scrolling-with-sound\Scrolling-with-sound-master\SDL4_Handout\Debug\SDL4 Handout.exe not found or not built by the last incremental link; performing full link
  SDL Game.vcxproj -> C:\Users\lucasgm\Documents\GitHub\Scrolling-with-sound\Scrolling-with-sound-master\SDL4_Handout\Debug\SDL4 Handout.exe
  SDL Game.vcxproj -> C:\Users\lucasgm\Documents\GitHub\Scrolling-with-sound\Scrolling-with-sound-master\SDL4_Handout\Debug\SDL4 Handout.pdb (Full PDB)
=======
﻿  ModulePlayer.cpp
  SDL Game.vcxproj -> C:\Users\lucasgm\Documents\GitHub\Programacion-de-Proyecto\SDL4_Handout\Debug\SDL4 Handout.exe
  SDL Game.vcxproj -> C:\Users\lucasgm\Documents\GitHub\Programacion-de-Proyecto\SDL4_Handout\Debug\SDL4 Handout.pdb (Full PDB)
>>>>>>> origin/master
